# JRE version: Java(TM) SE Runtime Environment (21.0.2+13) (build 21.0.2+13-LTS-58)
# Java VM: Java HotSpot(TM) 64-Bit Server VM (21.0.2+13-LTS-58, mixed mode, sharing, tiered, compressed oops, compressed class ptrs, g1 gc, windows-amd64)
GC Precious Log:
 CardTable entry size: 512
 Card Set container configuration: InlinePtr #cards 5 size 8 Array Of Cards #cards 12 size 40 Howl #buckets 4 coarsen threshold 1843 Howl Bitmap #cards 512 size 80 coarsen threshold 460 Card regions per heap region 1 cards per card region 2048
 CPUs: 12 total, 12 available
 Memory: 6005M
 Large Page Support: Disabled
 NUMA Support: Disabled
 Compressed Oops: Enabled (32-bit)
 Heap Region Size: 1M
 Heap Min Capacity: 256M
 Heap Initial Capacity: 256M
 Heap Max Capacity: 512M
 Pre-touch: Disabled
 Parallel Workers: 10
 Concurrent Workers: 3
 Concurrent Refinement Workers: 10
 Periodic GC: Disabled
Heap:
 garbage-first heap   total 262144K, used 187036K [0x00000000e0000000, 0x0000000100000000)
  region size 1024K, 131 young (134144K), 4 survivors (4096K)
 Metaspace       used 71552K, committed 73600K, reserved 393216K
  class space    used 10312K, committed 11264K, reserved 327680K
GC Heap History (18 events):
Event: 1.094 GC heap before
{Heap before GC invocations=0 (full 0):
 garbage-first heap   total 262144K, used 26624K [0x00000000e0000000, 0x0000000100000000)
  region size 1024K, 23 young (23552K), 0 survivors (0K)
 Metaspace       used 3216K, committed 3328K, reserved 393216K
  class space    used 407K, committed 448K, reserved 327680K
}
Event: 1.099 GC heap after
{Heap after GC invocations=1 (full 0):
 garbage-first heap   total 262144K, used 10426K [0x00000000e0000000, 0x0000000100000000)
  region size 1024K, 3 young (3072K), 3 survivors (3072K)
 Metaspace       used 3216K, committed 3328K, reserved 393216K
  class space    used 407K, committed 448K, reserved 327680K
}
Event: 1.684 GC heap before
{Heap before GC invocations=1 (full 0):
 garbage-first heap   total 262144K, used 40122K [0x00000000e0000000, 0x0000000100000000)
  region size 1024K, 32 young (32768K), 3 survivors (3072K)
 Metaspace       used 4123K, committed 4288K, reserved 393216K
  class space    used 503K, committed 576K, reserved 327680K
}
Event: 1.687 GC heap after
{Heap after GC invocations=2 (full 0):
 garbage-first heap   total 262144K, used 11730K [0x00000000e0000000, 0x0000000100000000)
  region size 1024K, 1 young (1024K), 1 survivors (1024K)
 Metaspace       used 4123K, committed 4288K, reserved 393216K
  class space    used 503K, committed 576K, reserved 327680K
}
Event: 4.416 GC heap before
{Heap before GC invocations=2 (full 0):
 garbage-first heap   total 262144K, used 116178K [0x00000000e0000000, 0x0000000100000000)
  region size 1024K, 104 young (106496K), 1 survivors (1024K)
 Metaspace       used 20826K, committed 21504K, reserved 393216K
  class space    used 3056K, committed 3392K, reserved 327680K
}
Event: 4.425 GC heap after
{Heap after GC invocations=3 (full 0):
 garbage-first heap   total 262144K, used 23717K [0x00000000e0000000, 0x0000000100000000)
  region size 1024K, 13 young (13312K), 13 survivors (13312K)
 Metaspace       used 20826K, committed 21504K, reserved 393216K
  class space    used 3056K, committed 3392K, reserved 327680K
}
Event: 5.933 GC heap before
{Heap before GC invocations=4 (full 0):
 garbage-first heap   total 262144K, used 135333K [0x00000000e0000000, 0x0000000100000000)
  region size 1024K, 119 young (121856K), 13 survivors (13312K)
 Metaspace       used 34766K, committed 35968K, reserved 393216K
  class space    used 4966K, committed 5568K, reserved 327680K
}
Event: 5.945 GC heap after
{Heap after GC invocations=5 (full 0):
 garbage-first heap   total 262144K, used 33995K [0x00000000e0000000, 0x0000000100000000)
  region size 1024K, 9 young (9216K), 9 survivors (9216K)
 Metaspace       used 34766K, committed 35968K, reserved 393216K
  class space    used 4966K, committed 5568K, reserved 327680K
}
Event: 5.949 GC heap before
{Heap before GC invocations=5 (full 0):
 garbage-first heap   total 262144K, used 33995K [0x00000000e0000000, 0x0000000100000000)
  region size 1024K, 10 young (10240K), 9 survivors (9216K)
 Metaspace       used 35100K, committed 36288K, reserved 393216K
  class space    used 4966K, committed 5568K, reserved 327680K
}
Event: 5.954 GC heap after
{Heap after GC invocations=6 (full 0):
 garbage-first heap   total 262144K, used 33918K [0x00000000e0000000, 0x0000000100000000)
  region size 1024K, 8 young (8192K), 8 survivors (8192K)
 Metaspace       used 35100K, committed 36288K, reserved 393216K
  class space    used 4966K, committed 5568K, reserved 327680K
}
Event: 5.975 GC heap before
{Heap before GC invocations=6 (full 0):
 garbage-first heap   total 262144K, used 33918K [0x00000000e0000000, 0x0000000100000000)
  region size 1024K, 9 young (9216K), 8 survivors (8192K)
 Metaspace       used 35436K, committed 36608K, reserved 393216K
  class space    used 4982K, committed 5568K, reserved 327680K
}
Event: 5.979 GC heap after
{Heap after GC invocations=7 (full 0):
 garbage-first heap   total 262144K, used 32032K [0x00000000e0000000, 0x0000000100000000)
  region size 1024K, 8 young (8192K), 8 survivors (8192K)
 Metaspace       used 35436K, committed 36608K, reserved 393216K
  class space    used 4982K, committed 5568K, reserved 327680K
}
Event: 8.141 GC heap before
{Heap before GC invocations=8 (full 0):
 garbage-first heap   total 262144K, used 181536K [0x00000000e0000000, 0x0000000100000000)
  region size 1024K, 153 young (156672K), 8 survivors (8192K)
 Metaspace       used 51452K, committed 53312K, reserved 393216K
  class space    used 7522K, committed 8448K, reserved 327680K
}
Event: 8.151 GC heap after
{Heap after GC invocations=9 (full 0):
 garbage-first heap   total 262144K, used 39930K [0x00000000e0000000, 0x0000000100000000)
  region size 1024K, 16 young (16384K), 16 survivors (16384K)
 Metaspace       used 51452K, committed 53312K, reserved 393216K
  class space    used 7522K, committed 8448K, reserved 327680K
}
Event: 9.482 GC heap before
{Heap before GC invocations=9 (full 0):
 garbage-first heap   total 262144K, used 179194K [0x00000000e0000000, 0x0000000100000000)
  region size 1024K, 153 young (156672K), 16 survivors (16384K)
 Metaspace       used 57514K, committed 59392K, reserved 393216K
  class space    used 8482K, committed 9408K, reserved 327680K
}
Event: 9.500 GC heap after
{Heap after GC invocations=10 (full 0):
 garbage-first heap   total 262144K, used 54272K [0x00000000e0000000, 0x0000000100000000)
  region size 1024K, 20 young (20480K), 20 survivors (20480K)
 Metaspace       used 57514K, committed 59392K, reserved 393216K
  class space    used 8482K, committed 9408K, reserved 327680K
}
Event: 9.845 GC heap before
{Heap before GC invocations=10 (full 0):
 garbage-first heap   total 262144K, used 71680K [0x00000000e0000000, 0x0000000100000000)
  region size 1024K, 38 young (38912K), 20 survivors (20480K)
 Metaspace       used 59380K, committed 61248K, reserved 393216K
  class space    used 8850K, committed 9792K, reserved 327680K
}
Event: 9.856 GC heap after
{Heap after GC invocations=11 (full 0):
 garbage-first heap   total 262144K, used 59036K [0x00000000e0000000, 0x0000000100000000)
  region size 1024K, 4 young (4096K), 4 survivors (4096K)
 Metaspace       used 59380K, committed 61248K, reserved 393216K
  class space    used 8850K, committed 9792K, reserved 327680K
}

